<?xml version="1.0" encoding="UTF-8"?>
<!-- Generated by org.testng.reporters.JUnitReportReporter -->
<testsuite hostname="Gopi" failures="0" tests="1" name="screens.Search" time="0.536" errors="0" timestamp="2024-10-05T13:25:20 IST" skipped="0">
  <testcase classname="screens.Search" name="searchGoogle" time="0.536"/>
</testsuite> <!-- screens.Search -->
