<?xml version="1.0" encoding="UTF-8"?>
<!-- Generated by org.testng.reporters.JUnitReportReporter -->
<testsuite hostname="Gopi" failures="0" tests="1" name="screens.Search" time="0.766" errors="0" timestamp="2024-10-05T00:30:18 IST" skipped="0">
  <testcase classname="screens.Search" name="searchGoogle" time="0.766"/>
</testsuite> <!-- screens.Search -->
